D:\MFC\MusicPlayer\MusicPlayer\Debug\MusicPlayer.pdb
D:\MFC\MusicPlayer\MusicPlayer\MusicPlayer\Debug\cl.command.1.tlog
D:\MFC\MusicPlayer\MusicPlayer\MusicPlayer\Debug\CL.read.1.tlog
D:\MFC\MusicPlayer\MusicPlayer\MusicPlayer\Debug\CL.write.1.tlog
D:\MFC\MusicPlayer\MusicPlayer\MusicPlayer\Debug\link.11356.read.1.tlog
D:\MFC\MusicPlayer\MusicPlayer\MusicPlayer\Debug\link.11356.write.1.tlog
D:\MFC\MusicPlayer\MusicPlayer\MusicPlayer\Debug\link.11356-cvtres.read.1.tlog
D:\MFC\MusicPlayer\MusicPlayer\MusicPlayer\Debug\link.11356-cvtres.write.1.tlog
D:\MFC\MusicPlayer\MusicPlayer\MusicPlayer\Debug\link.command.1.tlog
D:\MFC\MusicPlayer\MusicPlayer\MusicPlayer\Debug\link.read.1.tlog
D:\MFC\MusicPlayer\MusicPlayer\MusicPlayer\Debug\link.write.1.tlog
D:\MFC\MusicPlayer\MusicPlayer\MusicPlayer\Debug\link-cvtres.read.1.tlog
D:\MFC\MusicPlayer\MusicPlayer\MusicPlayer\Debug\link-cvtres.write.1.tlog
D:\MFC\MusicPlayer\MusicPlayer\MusicPlayer\Debug\mt.command.1.tlog
D:\MFC\MusicPlayer\MusicPlayer\MusicPlayer\Debug\mt.read.1.tlog
D:\MFC\MusicPlayer\MusicPlayer\MusicPlayer\Debug\mt.write.1.tlog
D:\MFC\MUSICPLAYER\MUSICPLAYER\MUSICPLAYER\DEBUG\MUSICPLAYER.EXE.EMBED.MANIFEST
D:\MFC\MUSICPLAYER\MUSICPLAYER\MUSICPLAYER\DEBUG\MUSICPLAYER.EXE.EMBED.MANIFEST.RES
D:\MFC\MusicPlayer\MusicPlayer\MusicPlayer\Debug\MusicPlayer.exe.intermediate.manifest
D:\MFC\MUSICPLAYER\MUSICPLAYER\MUSICPLAYER\DEBUG\MUSICPLAYER.OBJ
D:\MFC\MUSICPLAYER\MUSICPLAYER\MUSICPLAYER\DEBUG\MUSICPLAYER.PCH
D:\MFC\MUSICPLAYER\MUSICPLAYER\MUSICPLAYER\DEBUG\MUSICPLAYER.RES
D:\MFC\MusicPlayer\MusicPlayer\MusicPlayer\Debug\MusicPlayer_manifest.rc
D:\MFC\MUSICPLAYER\MUSICPLAYER\MUSICPLAYER\DEBUG\MUSICPLAYERDLG.OBJ
D:\MFC\MUSICPLAYER\MUSICPLAYER\MUSICPLAYER\DEBUG\PLAYMUSIC.OBJ
D:\MFC\MusicPlayer\MusicPlayer\MusicPlayer\Debug\rc.command.1.tlog
D:\MFC\MusicPlayer\MusicPlayer\MusicPlayer\Debug\rc.read.1.tlog
D:\MFC\MusicPlayer\MusicPlayer\MusicPlayer\Debug\rc.write.1.tlog
D:\MFC\MUSICPLAYER\MUSICPLAYER\MUSICPLAYER\DEBUG\STDAFX.OBJ
D:\MFC\MusicPlayer\MusicPlayer\MusicPlayer\Debug\vc100.idb
D:\MFC\MUSICPLAYER\MUSICPLAYER\MUSICPLAYER\DEBUG\VC100.PDB
