Build started 2014/11/6 4:53:38.
     1>Project "D:\MFC\MusicPlayer\MusicPlayer\MusicPlayer.vcxproj" on node 2 (build target(s)).
     1>InitializeBuildStatus:
         Touching "Debug\MusicPlayer.unsuccessfulbuild".
       ClCompile:
         All outputs are up-to-date.
         C:\Program Files (x86)\Microsoft Visual Studio 10.0\VC\bin\CL.exe /c /ZI /nologo /W3 /WX- /Od /Oy- /D WIN32 /D _WINDOWS /D _DEBUG /D _UNICODE /D UNICODE /Gm /EHsc /RTC1 /MTd /GS /fp:precise /Zc:wchar_t /Zc:forScope /Yu"StdAfx.h" /Fp"Debug\MusicPlayer.pch" /Fo"Debug\\" /Fd"Debug\vc100.pdb" /Gd /TP /analyze- /errorReport:prompt MusicPlayerDlg.cpp
         MusicPlayerDlg.cpp
       ResourceCompile:
         All outputs are up-to-date.
       ManifestResourceCompile:
         All outputs are up-to-date.
       Link:
         C:\Program Files (x86)\Microsoft Visual Studio 10.0\VC\bin\link.exe /ERRORREPORT:PROMPT /OUT:"D:\MFC\MusicPlayer\Debug\MusicPlayer.exe" /INCREMENTAL /NOLOGO /MANIFEST /ManifestFile:"Debug\MusicPlayer.exe.intermediate.manifest" /MANIFESTUAC:"level='asInvoker' uiAccess='false'" /DEBUG /PDB:"D:\MFC\MusicPlayer\Debug\MusicPlayer.pdb" /SUBSYSTEM:WINDOWS /TLBID:1 /ENTRY:"wWinMainCRTStartup" /DYNAMICBASE /NXCOMPAT /IMPLIB:"D:\MFC\MusicPlayer\Debug\MusicPlayer.lib" /MACHINE:X86 Debug\MusicPlayer.res
         Debug\MusicPlayer.exe.embed.manifest.res
         Debug\MusicPlayer.obj
         Debug\MusicPlayerDlg.obj
         Debug\PlayMusic.obj
         Debug\stdafx.obj
       Manifest:
         C:\Program Files (x86)\Microsoft SDKs\Windows\v7.0A\bin\mt.exe /nologo /verbose /out:"Debug\MusicPlayer.exe.embed.manifest" /manifest Debug\MusicPlayer.exe.intermediate.manifest "C:\Program Files (x86)\Microsoft Visual Studio 10.0\VC\Include\Manifest\dpiaware.manifest"
         All outputs are up-to-date.
       LinkEmbedManifest:
         All outputs are up-to-date.
         MusicPlayer.vcxproj -> D:\MFC\MusicPlayer\Debug\MusicPlayer.exe
       FinalizeBuildStatus:
         Deleting file "Debug\MusicPlayer.unsuccessfulbuild".
         Touching "Debug\MusicPlayer.lastbuildstate".
     1>Done Building Project "D:\MFC\MusicPlayer\MusicPlayer\MusicPlayer.vcxproj" (build target(s)).

Build succeeded.

Time Elapsed 00:00:32.53
